2016-09-15 ERROR User  failed to log in!
2016-09-15 ERROR User  failed to log in!
2016-09-15 INFO User guest logged in
2016-09-15 ERROR User  failed to log in!
2016-09-15 ERROR User  failed to log in!
2016-09-15 ERROR User  failed to log in!
2016-09-15 ERROR User guest failed to log in!
2016-09-15 INFO User guest logged in
2016-09-15 ERROR User  failed to log in!
2016-09-15 ERROR User  failed to log in!
2016-09-15 ERROR User ljh failed to log in!
2016-09-15 ERROR User  failed to log in!
2016-09-15 ERROR User  failed to log in!
2016-09-15 ERROR User  failed to log in!
2016-09-15 INFO User guest logged in
2016-09-15 ERROR User  failed to log in!
2016-09-15 ERROR User  failed to log in!
2016-09-15 ERROR User  failed to log in!
2016-09-15 ERROR User  failed to log in!
2016-09-15 INFO User guest logged in
2016-09-15 ERROR User  failed to log in!
2016-09-15 INFO User guest logged in
2016-09-15 ERROR User  failed to log in!
2016-09-15 ERROR User  failed to log in!
2016-09-15 ERROR User  failed to log in!
2016-09-15 ERROR User  failed to log in!
2016-09-15 ERROR User  failed to log in!
2016-09-15 ERROR User  failed to log in!
2016-09-15 INFO User guest logged in
2016-09-15 ERROR User  failed to log in!
2016-09-15 ERROR User guest failed to log in!
2016-09-15 INFO User guest logged in
2016-09-15 ERROR User  failed to log in!
2016-09-15 INFO User guest logged in
2016-09-15 ERROR User  failed to log in!
2016-09-15 INFO User guest logged in
2016-09-15 ERROR User  failed to log in!
2016-09-15 INFO User guest logged in
2016-09-15 ERROR User  failed to log in!
2016-09-15 ERROR User  failed to log in!
2016-09-15 ERROR User  failed to log in!
2016-09-15 ERROR User  failed to log in!
2016-09-15 INFO User guest logged in
2016-09-15 ERROR User  failed to log in!
2016-09-15 ERROR User  failed to log in!
2016-09-15 INFO User guest logged in
2016-09-15 ERROR User  failed to log in!
2016-09-15 ERROR User  failed to log in!
2016-09-15 ERROR User  failed to log in!
2016-09-15 INFO User guest logged in
2016-09-15 ERROR User  failed to log in!
2016-09-15 ERROR User  failed to log in!
2016-09-15 ERROR User  failed to log in!
2016-09-15 INFO User guest logged in
2016-09-15 ERROR User  failed to log in!
2016-09-15 INFO User guest logged in
2016-09-15 ERROR User  failed to log in!
2016-09-15 ERROR User  failed to log in!
2016-09-15 INFO User guest logged in
2016-09-15 ERROR User  failed to log in!
2016-09-15 ERROR User  failed to log in!
2016-09-15 INFO User guest logged in
2016-09-15 ERROR User  failed to log in!
2016-09-15 ERROR User  failed to log in!
2016-09-15 INFO User guest logged in
2016-09-15 ERROR User  failed to log in!
2016-09-15 INFO User guest logged in
2016-09-15 ERROR User  failed to log in!
2016-09-15 INFO User guest logged in
2016-09-15 ERROR User  failed to log in!
2016-09-15 INFO User guest logged in
2016-09-15 ERROR User  failed to log in!
2016-09-15 INFO User guest logged in
2016-09-15 ERROR User  failed to log in!
2016-09-15 ERROR User guest failed to log in!
2016-09-15 ERROR User kjlj failed to log in!
